0 info it worked if it ends with ok
1 verbose cli [ 'C:\\Program Files\\nodejs\\node.exe',
1 verbose cli   'C:\\Program Files\\nodejs\\node_modules\\npm\\bin\\npm-cli.js',
1 verbose cli   'start' ]
2 info using npm@3.10.10
3 info using node@v6.10.2
4 verbose run-script [ 'prestart', 'start', 'poststart' ]
5 info lifecycle cloud-discord-bot@1.0.0~prestart: cloud-discord-bot@1.0.0
6 silly lifecycle cloud-discord-bot@1.0.0~prestart: no script for prestart, continuing
7 info lifecycle cloud-discord-bot@1.0.0~start: cloud-discord-bot@1.0.0
8 verbose lifecycle cloud-discord-bot@1.0.0~start: unsafe-perm in lifecycle true
9 verbose lifecycle cloud-discord-bot@1.0.0~start: PATH: C:\Program Files\nodejs\node_modules\npm\bin\node-gyp-bin;C:\Users\tougoudou\Documents\GitHub\ArchiSITP\node_modules\.bin;C:\Users\tougoudou\AppData\Local\GitHub\PortableGit_f02737a78695063deace08e96d5042710d3e32db\cmd;C:\Users\tougoudou\AppData\Local\GitHub\PortableGit_f02737a78695063deace08e96d5042710d3e32db\usr\bin;C:\Users\tougoudou\AppData\Local\GitHub\PortableGit_f02737a78695063deace08e96d5042710d3e32db\usr\share\git-tfs;C:\Users\tougoudou\AppData\Local\Apps\2.0\A0MV91V5.CG6\DJN2GWMK.042\gith..tion_317444273a93ac29_0003.0003_5794af8169eeff14;C:\Users\tougoudou\AppData\Local\GitHub\lfs-amd64_1.5.5;C:\Users\tougoudou\AppData\Local\Apps\2.0\A0MV91V5.CG6\DJN2GWMK.042\gith..tion_317444273a93ac29_0003.0003_5794af8169eeff14\NativeBinaries\x86;C:\oraclexe\app\oracle\product\11.2.0\server\bin;;C:\ProgramData\Oracle\Java\javapath;C:\Program Files (x86)\NVIDIA Corporation\PhysX\Common;C:\Program Files (x86)\Intel\iCLS Client\;C:\Program Files\Intel\iCLS Client\;C:\Windows\system32;C:\Windows;C:\Windows\System32\Wbem;C:\Windows\System32\WindowsPowerShell\v1.0\;C:\Program Files\Intel\Intel(R) Management Engine Components\DAL;C:\Program Files (x86)\Intel\Intel(R) Management Engine Components\DAL;C:\Program Files\Intel\Intel(R) Management Engine Components\IPT;C:\Program Files (x86)\Intel\Intel(R) Management Engine Components\IPT;C:\Program Files (x86)\Skype\Phone\;C:\Program Files\MATLAB\R2016a\bin;C:\Program Files (x86)\Brackets\command;C:\Program Files\nodejs\;C:\Users\tougoudou\AppData\Local\Programs\Python\Python35-32\Scripts\;C:\Users\tougoudou\AppData\Local\Programs\Python\Python35-32\;C:\Users\tougoudou\AppData\Roaming\npm;C:\Users\tougoudou\AppData\Local\Google\Cloud SDK\google-cloud-sdk\bin;C:\Windows\Microsoft.NET\Framework\v4.0.30319\
10 verbose lifecycle cloud-discord-bot@1.0.0~start: CWD: C:\Users\tougoudou\Documents\GitHub\ArchiSITP
11 silly lifecycle cloud-discord-bot@1.0.0~start: Args: [ '/d /s /c', 'node bot.js' ]
12 verbose stack Error: kill ENOSYS
12 verbose stack     at exports._errnoException (util.js:1018:11)
12 verbose stack     at process.kill (internal/process.js:190:13)
12 verbose stack     at process.listener (C:\Program Files\nodejs\node_modules\npm\node_modules\npmlog\node_modules\gauge\node_modules\signal-exit\index.js:86:15)
12 verbose stack     at emitNone (events.js:91:20)
12 verbose stack     at process.emit (events.js:185:7)
12 verbose stack     at processEmit (C:\Program Files\nodejs\node_modules\npm\node_modules\npmlog\node_modules\gauge\node_modules\signal-exit\index.js:146:32)
12 verbose stack     at processEmit (C:\Program Files\nodejs\node_modules\npm\node_modules\npm-registry-client\node_modules\npmlog\node_modules\gauge\node_modules\signal-exit\index.js:146:32)
12 verbose stack     at Signal.wrap.onsignal (internal/process.js:217:44)
13 verbose cwd C:\Users\tougoudou\Documents\GitHub\ArchiSITP
14 error Windows_NT 6.3.9600
15 error argv "C:\\Program Files\\nodejs\\node.exe" "C:\\Program Files\\nodejs\\node_modules\\npm\\bin\\npm-cli.js" "start"
16 error node v6.10.2
17 error npm  v3.10.10
18 error code ENOSYS
19 error errno ENOSYS
20 error syscall kill
21 error kill ENOSYS
22 error If you need help, you may report this error at:
22 error     <https://github.com/npm/npm/issues>
23 verbose exit [ 1, true ]
